 INFO: nweb starting:2113:1954
 INFO: request:GET /index.html HTTP/1.1****:1
 INFO: SEND:index.html:1
 INFO: Header:HTTP/1.1 200 OK
Server: nweb/23.0
Content-Length: 248
Connection: close
Content-Type: text/html

:1
 INFO: request:GET /index.html HTTP/1.1****:2
 INFO: SEND:index.html:2
 INFO: Header:HTTP/1.1 200 OK
Server: nweb/23.0
Content-Length: 248
Connection: close
Content-Type: text/html

:2
 INFO: request:GET /index.html HTTP/1.1****:3
 INFO: SEND:index.html:3
 INFO: Header:HTTP/1.1 200 OK
Server: nweb/23.0
Content-Length: 248
Connection: close
Content-Type: text/html

:3
 INFO: request:GET /index.html HTTP/1.1****:4
 INFO: SEND:index.html:4
 INFO: Header:HTTP/1.1 200 OK
Server: nweb/23.0
Content-Length: 248
Connection: close
Content-Type: text/html

:4
 INFO: request:GET /nigel.jpg HTTP/1.1****:5
 INFO: SEND:nigel.jpg:5
 INFO: Header:HTTP/1.1 200 OK
Server: nweb/23.0
Content-Length: 10184
Connection: close
Content-Type: image/jpg

:5
 INFO: nweb starting:2113:5929
 INFO: SEND:index.html:1
 INFO: Header:HTTP/1.1 200 OK
Server: nweb/23.0
Content-Length: 248
Connection: close
Content-Type: text/html

:1
 INFO: SEND:index.html:2
 INFO: Header:HTTP/1.1 200 OK
Server: nweb/23.0
Content-Length: 248
Connection: close
Content-Type: text/html

:2
 INFO: SEND:index.html:3
 INFO: Header:HTTP/1.1 200 OK
Server: nweb/23.0
Content-Length: 248
Connection: close
Content-Type: text/html

:3
 INFO: nweb starting:2113:10263
 INFO: SEND:index.html:1
 INFO: Header:HTTP/1.1 200 OK
Server: nweb/23.0
Content-Length: 248
Connection: close
Content-Type: text/html

:1
 INFO: SEND:index.html:2
 INFO: Header:HTTP/1.1 200 OK
Server: nweb/23.0
Content-Length: 248
Connection: close
Content-Type: text/html

:2
 INFO: SEND:index.html:3
 INFO: Header:HTTP/1.1 200 OK
Server: nweb/23.0
Content-Length: 248
Connection: close
Content-Type: text/html

:3
 INFO: SEND:index.html:4
 INFO: Header:HTTP/1.1 200 OK
Server: nweb/23.0
Content-Length: 248
Connection: close
Content-Type: text/html

:4
 INFO: nweb starting:2113:11984
 INFO: SEND:index.html:1
 INFO: Header:HTTP/1.1 200 OK
Server: nweb/23.0
Content-Length: 248
Connection: close
Content-Type: text/html

:1
 INFO: nweb starting:2113:12199
ERROR: system call:bind Errno=98 exiting pid=12199
 INFO: nweb starting:2113:12213
ERROR: system call:bind Errno=98 exiting pid=12213
 INFO: nweb starting:2113:12221
ERROR: system call:bind Errno=98 exiting pid=12221
 INFO: nweb starting:2112:12294
 INFO: SEND:index.html:1
 INFO: Header:HTTP/1.1 200 OK
Server: nweb/23.0
Content-Length: 248
Connection: close
Content-Type: text/html

:1
 INFO: SEND:index.html:2
 INFO: Header:HTTP/1.1 200 OK
Server: nweb/23.0
Content-Length: 248
Connection: close
Content-Type: text/html

:2
 INFO: SEND:index.html:3
 INFO: Header:HTTP/1.1 200 OK
Server: nweb/23.0
Content-Length: 248
Connection: close
Content-Type: text/html

:3
 INFO: nweb starting:2113:14563
 INFO: SEND:index.html:1
 INFO: Header:HTTP/1.1 200 OK
Server: nweb/23.0
Content-Length: 248
Connection: close
Content-Type: text/html

:1
 INFO: SEND:index.html:2
 INFO: Header:HTTP/1.1 200 OK
Server: nweb/23.0
Content-Length: 248
Connection: close
Content-Type: text/html

:2
 INFO: SEND:index.html:3
 INFO: Header:HTTP/1.1 200 OK
Server: nweb/23.0
Content-Length: 248
Connection: close
Content-Type: text/html

:3
 INFO: SEND:index.html:4
 INFO: Header:HTTP/1.1 200 OK
Server: nweb/23.0
Content-Length: 248
Connection: close
Content-Type: text/html

:4
 INFO: nweb starting:2113:15179
 INFO: SEND:index.html:1
 INFO: Header:HTTP/1.1 200 OK
Server: nweb/23.0
Content-Length: 248
Connection: close
Content-Type: text/html

:1
 INFO: SEND:index.html:2
 INFO: Header:HTTP/1.1 200 OK
Server: nweb/23.0
Content-Length: 248
Connection: close
Content-Type: text/html

:2
 INFO: SEND:index.html:3
 INFO: Header:HTTP/1.1 200 OK
Server: nweb/23.0
Content-Length: 248
Connection: close
Content-Type: text/html

:3
 INFO: SEND:index.html:4
 INFO: Header:HTTP/1.1 200 OK
Server: nweb/23.0
Content-Length: 248
Connection: close
Content-Type: text/html

:4
 INFO: SEND:index.html:5
 INFO: Header:HTTP/1.1 200 OK
Server: nweb/23.0
Content-Length: 248
Connection: close
Content-Type: text/html

:5
 INFO: SEND:index.html:6
 INFO: Header:HTTP/1.1 200 OK
Server: nweb/23.0
Content-Length: 248
Connection: close
Content-Type: text/html

:6
 INFO: SEND:index.html:7
 INFO: Header:HTTP/1.1 200 OK
Server: nweb/23.0
Content-Length: 248
Connection: close
Content-Type: text/html

:7
 INFO: nweb starting:2113:30630
ERROR: system call:bind Errno=98 exiting pid=30630
 INFO: SEND:index.html:8
 INFO: Header:HTTP/1.1 200 OK
Server: nweb/23.0
Content-Length: 248
Connection: close
Content-Type: text/html

:8
 INFO: nweb starting:2113:30831
ERROR: system call:bind Errno=98 exiting pid=30831
 INFO: nweb starting:2112:30945
 INFO: SEND:index.html:1
 INFO: Header:HTTP/1.1 200 OK
Server: nweb/23.0
Content-Length: 248
Connection: close
Content-Type: text/html

:1
 INFO: SEND:index.html:2
 INFO: Header:HTTP/1.1 200 OK
Server: nweb/23.0
Content-Length: 248
Connection: close
Content-Type: text/html

:2
 INFO: SEND:index.html:3
 INFO: Header:HTTP/1.1 200 OK
Server: nweb/23.0
Content-Length: 248
Connection: close
Content-Type: text/html

:3
 INFO: SEND:index.html:4
 INFO: Header:HTTP/1.1 200 OK
Server: nweb/23.0
Content-Length: 248
Connection: close
Content-Type: text/html

:4
 INFO: SEND:index.html:5
 INFO: Header:HTTP/1.1 200 OK
Server: nweb/23.0
Content-Length: 248
Connection: close
Content-Type: text/html

:5
 INFO: SEND:index.html:6
 INFO: Header:HTTP/1.1 200 OK
Server: nweb/23.0
Content-Length: 248
Connection: close
Content-Type: text/html

:6
 INFO: SEND:index.html:7
 INFO: Header:HTTP/1.1 200 OK
Server: nweb/23.0
Content-Length: 248
Connection: close
Content-Type: text/html

:7
 INFO: SEND:index.html:8
 INFO: Header:HTTP/1.1 200 OK
Server: nweb/23.0
Content-Length: 248
Connection: close
Content-Type: text/html

:8
 INFO: SEND:index.html:9
 INFO: Header:HTTP/1.1 200 OK
Server: nweb/23.0
Content-Length: 248
Connection: close
Content-Type: text/html

:9
 INFO: SEND:index.html:10
 INFO: Header:HTTP/1.1 200 OK
Server: nweb/23.0
Content-Length: 248
Connection: close
Content-Type: text/html

:10
 INFO: SEND:index.html:11
 INFO: Header:HTTP/1.1 200 OK
Server: nweb/23.0
Content-Length: 248
Connection: close
Content-Type: text/html

:11
 INFO: SEND:index.html:12
 INFO: Header:HTTP/1.1 200 OK
Server: nweb/23.0
Content-Length: 248
Connection: close
Content-Type: text/html

:12
 INFO: SEND:index.html:13
 INFO: Header:HTTP/1.1 200 OK
Server: nweb/23.0
Content-Length: 248
Connection: close
Content-Type: text/html

:13
 INFO: SEND:index.html:16
 INFO: Header:HTTP/1.1 200 OK
Server: nweb/23.0
Content-Length: 248
Connection: close
Content-Type: text/html

:16
 INFO: SEND:index.html:15
 INFO: Header:HTTP/1.1 200 OK
Server: nweb/23.0
Content-Length: 248
Connection: close
Content-Type: text/html

:15
 INFO: SEND:index.html:14 INFO: SEND:index.html:17

 INFO: Header:HTTP/1.1 200 OK
Server: nweb/23.0
Content-Length: 248
Connection: close
Content-Type: text/html

:14 INFO: Header:HTTP/1.1 200 OK
Server: nweb/23.0
Content-Length: 248
Connection: close
Content-Type: text/html

:17

 INFO: SEND:index.html:27
 INFO: Header:HTTP/1.1 200 OK
Server: nweb/23.0
Content-Length: 248
Connection: close
Content-Type: text/html

:27
 INFO: SEND:index.html:26
 INFO: Header:HTTP/1.1 200 OK
Server: nweb/23.0
Content-Length: 248
Connection: close
Content-Type: text/html

:26
 INFO: SEND:index.html:25
 INFO: Header:HTTP/1.1 200 OK
Server: nweb/23.0
Content-Length: 248
Connection: close
Content-Type: text/html

:25
 INFO: SEND:index.html:24
 INFO: Header:HTTP/1.1 200 OK
Server: nweb/23.0
Content-Length: 248
Connection: close
Content-Type: text/html

:24
 INFO: SEND:index.html:23
 INFO: Header:HTTP/1.1 200 OK
Server: nweb/23.0
Content-Length: 248
Connection: close
Content-Type: text/html

:23
 INFO: SEND:index.html:22
 INFO: Header:HTTP/1.1 200 OK
Server: nweb/23.0
Content-Length: 248
Connection: close
Content-Type: text/html

:22
 INFO: SEND:index.html:21
 INFO: Header:HTTP/1.1 200 OK
Server: nweb/23.0
Content-Length: 248
Connection: close
Content-Type: text/html

:21
 INFO: SEND:index.html:19
 INFO: SEND:index.html:20
 INFO: Header:HTTP/1.1 200 OK
Server: nweb/23.0
Content-Length: 248
Connection: close
Content-Type: text/html

:20
 INFO: Header:HTTP/1.1 200 OK
Server: nweb/23.0
Content-Length: 248
Connection: close
Content-Type: text/html

:19
 INFO: SEND:index.html:18
 INFO: Header:HTTP/1.1 200 OK
Server: nweb/23.0
Content-Length: 248
Connection: close
Content-Type: text/html

:18
 INFO: SEND:index.html:29
 INFO: Header:HTTP/1.1 200 OK
Server: nweb/23.0
Content-Length: 248
Connection: close
Content-Type: text/html

:29
 INFO: SEND:index.html:28 INFO: SEND:index.html:31
 INFO: Header:HTTP/1.1 200 OK
Server: nweb/23.0
Content-Length: 248
Connection: close
Content-Type: text/html

:31

 INFO: Header:HTTP/1.1 200 OK
Server: nweb/23.0
Content-Length: 248
Connection: close
Content-Type: text/html

:28
 INFO: SEND:index.html:32
 INFO: Header:HTTP/1.1 200 OK
Server: nweb/23.0
Content-Length: 248
Connection: close
Content-Type: text/html

:32
 INFO: SEND:index.html:33
 INFO: Header:HTTP/1.1 200 OK
Server: nweb/23.0
Content-Length: 248
Connection: close
Content-Type: text/html

:33
 INFO: SEND:index.html:30
 INFO: Header:HTTP/1.1 200 OK
Server: nweb/23.0
Content-Length: 248
Connection: close
Content-Type: text/html

:30
 INFO: SEND:index.html:35
 INFO: Header:HTTP/1.1 200 OK
Server: nweb/23.0
Content-Length: 248
Connection: close
Content-Type: text/html

:35
 INFO: SEND:index.html:34
 INFO: Header:HTTP/1.1 200 OK
Server: nweb/23.0
Content-Length: 248
Connection: close
Content-Type: text/html

:34
 INFO: SEND:index.html:36
 INFO: Header:HTTP/1.1 200 OK
Server: nweb/23.0
Content-Length: 248
Connection: close
Content-Type: text/html

:36
 INFO: SEND:index.html:37
 INFO: Header:HTTP/1.1 200 OK
Server: nweb/23.0
Content-Length: 248
Connection: close
Content-Type: text/html

:37
 INFO: SEND:index.html:46
 INFO: SEND:index.html:45 INFO: Header:HTTP/1.1 200 OK
Server: nweb/23.0
Content-Length: 248
Connection: close
Content-Type: text/html

:46

 INFO: Header:HTTP/1.1 200 OK
Server: nweb/23.0
Content-Length: 248
Connection: close
Content-Type: text/html

:45
 INFO: SEND:index.html:43
 INFO: Header:HTTP/1.1 200 OK
Server: nweb/23.0
Content-Length: 248
Connection: close
Content-Type: text/html

:43
 INFO: SEND:index.html:42
 INFO: SEND:index.html:47 INFO: Header:HTTP/1.1 200 OK
Server: nweb/23.0
Content-Length: 248
Connection: close
Content-Type: text/html

:42

 INFO: Header:HTTP/1.1 200 OK
Server: nweb/23.0
Content-Length: 248
Connection: close
Content-Type: text/html

:47
 INFO: SEND:index.html:41
 INFO: Header:HTTP/1.1 200 OK
Server: nweb/23.0
Content-Length: 248
Connection: close
Content-Type: text/html

:41 INFO: SEND:index.html:40

 INFO: Header:HTTP/1.1 200 OK
Server: nweb/23.0
Content-Length: 248
Connection: close
Content-Type: text/html

:40
 INFO: SEND:index.html:38
 INFO: Header:HTTP/1.1 200 OK
Server: nweb/23.0
Content-Length: 248
Connection: close
Content-Type: text/html

:38
 INFO: SEND:index.html:44
 INFO: Header:HTTP/1.1 200 OK
Server: nweb/23.0
Content-Length: 248
Connection: close
Content-Type: text/html

:44
 INFO: SEND:index.html:39
 INFO: Header:HTTP/1.1 200 OK
Server: nweb/23.0
Content-Length: 248
Connection: close
Content-Type: text/html

:39
 INFO: nweb starting:2112:802
 INFO: SEND:index.html:4
 INFO: Header:HTTP/1.1 200 OK
Server: nweb/23.0
Content-Length: 248
Connection: close
Content-Type: text/html

:4
 INFO: SEND:index.html:3
 INFO: Header:HTTP/1.1 200 OK
Server: nweb/23.0
Content-Length: 248
Connection: close
Content-Type: text/html

:3
 INFO: SEND:index.html:2 INFO: SEND:index.html:12

 INFO: Header:HTTP/1.1 200 OK
Server: nweb/23.0
Content-Length: 248
Connection: close
Content-Type: text/html

:2
 INFO: SEND:index.html:1
 INFO: SEND:index.html:11
 INFO: Header:HTTP/1.1 200 OK
Server: nweb/23.0
Content-Length: 248
Connection: close
Content-Type: text/html

:11
 INFO: Header:HTTP/1.1 200 OK
Server: nweb/23.0
Content-Length: 248
Connection: close
Content-Type: text/html

:12
 INFO: SEND:index.html:10
 INFO: Header:HTTP/1.1 200 OK
Server: nweb/23.0
Content-Length: 248
Connection: close
Content-Type: text/html

:10
 INFO: SEND:index.html:9
 INFO: Header:HTTP/1.1 200 OK
Server: nweb/23.0
Content-Length: 248
Connection: close
Content-Type: text/html

:9
 INFO: SEND:index.html:8
 INFO: Header:HTTP/1.1 200 OK
Server: nweb/23.0
Content-Length: 248
Connection: close
Content-Type: text/html

:8
 INFO: Header:HTTP/1.1 200 OK
Server: nweb/23.0
Content-Length: 248
Connection: close
Content-Type: text/html

:1
 INFO: SEND:index.html:7
 INFO: Header:HTTP/1.1 200 OK
Server: nweb/23.0
Content-Length: 248
Connection: close
Content-Type: text/html

:7
 INFO: SEND:index.html:20 INFO: SEND:index.html:19

 INFO: Header:HTTP/1.1 200 OK
Server: nweb/23.0
Content-Length: 248
Connection: close
Content-Type: text/html

:20 INFO: Header:HTTP/1.1 200 OK
Server: nweb/23.0
Content-Length: 248
Connection: close
Content-Type: text/html

:19

 INFO: SEND:index.html:18
 INFO: Header:HTTP/1.1 200 OK
Server: nweb/23.0
Content-Length: 248
Connection: close
Content-Type: text/html

:18
 INFO: SEND:index.html:17
 INFO: Header:HTTP/1.1 200 OK
Server: nweb/23.0
Content-Length: 248
Connection: close
Content-Type: text/html

:17
 INFO: SEND:index.html:16
 INFO: Header:HTTP/1.1 200 OK
Server: nweb/23.0
Content-Length: 248
Connection: close
Content-Type: text/html

:16
 INFO: SEND:index.html:15
 INFO: Header:HTTP/1.1 200 OK
Server: nweb/23.0
Content-Length: 248
Connection: close
Content-Type: text/html

:15
 INFO: SEND:index.html:14
 INFO: Header:HTTP/1.1 200 OK
Server: nweb/23.0
Content-Length: 248
Connection: close
Content-Type: text/html

:14
 INFO: SEND:index.html:13
 INFO: Header:HTTP/1.1 200 OK
Server: nweb/23.0
Content-Length: 248
Connection: close
Content-Type: text/html

:13
 INFO: SEND:index.html:6
 INFO: Header:HTTP/1.1 200 OK
Server: nweb/23.0
Content-Length: 248
Connection: close
Content-Type: text/html

:6
 INFO: SEND:index.html:5
 INFO: Header:HTTP/1.1 200 OK
Server: nweb/23.0
Content-Length: 248
Connection: close
Content-Type: text/html

:5
 INFO: SEND:index.html:21
 INFO: Header:HTTP/1.1 200 OK
Server: nweb/23.0
Content-Length: 248
Connection: close
Content-Type: text/html

:21 INFO: SEND:index.html:22

 INFO: Header:HTTP/1.1 200 OK
Server: nweb/23.0
Content-Length: 248
Connection: close
Content-Type: text/html

:22 INFO: SEND:index.html:23

 INFO: Header:HTTP/1.1 200 OK
Server: nweb/23.0
Content-Length: 248
Connection: close
Content-Type: text/html

:23
 INFO: SEND:index.html:25
 INFO: Header:HTTP/1.1 200 OK
Server: nweb/23.0
Content-Length: 248
Connection: close
Content-Type: text/html

:25
 INFO: SEND:index.html:24
 INFO: SEND:index.html:26 INFO: Header:HTTP/1.1 200 OK
Server: nweb/23.0
Content-Length: 248
Connection: close
Content-Type: text/html

:24

 INFO: Header:HTTP/1.1 200 OK
Server: nweb/23.0
Content-Length: 248
Connection: close
Content-Type: text/html

:26
 INFO: SEND:index.html:28
 INFO: Header:HTTP/1.1 200 OK
Server: nweb/23.0
Content-Length: 248
Connection: close
Content-Type: text/html

:28
 INFO: SEND:index.html:27
 INFO: Header:HTTP/1.1 200 OK
Server: nweb/23.0
Content-Length: 248
Connection: close
Content-Type: text/html

:27
 INFO: SEND:index.html:29
 INFO: Header:HTTP/1.1 200 OK
Server: nweb/23.0
Content-Length: 248
Connection: close
Content-Type: text/html

:29
 INFO: SEND:index.html:40
 INFO: Header:HTTP/1.1 200 OK
Server: nweb/23.0
Content-Length: 248
Connection: close
Content-Type: text/html

:40
 INFO: SEND:index.html:39
 INFO: Header:HTTP/1.1 200 OK
Server: nweb/23.0
Content-Length: 248
Connection: close
Content-Type: text/html

:39
 INFO: SEND:index.html:38
 INFO: SEND:index.html:37 INFO: Header:HTTP/1.1 200 OK
Server: nweb/23.0
Content-Length: 248
Connection: close
Content-Type: text/html

:38

 INFO: Header:HTTP/1.1 200 OK
Server: nweb/23.0
Content-Length: 248
Connection: close
Content-Type: text/html

:37
 INFO: SEND:index.html:36
 INFO: Header:HTTP/1.1 200 OK
Server: nweb/23.0
Content-Length: 248
Connection: close
Content-Type: text/html

:36
 INFO: SEND:index.html:34
 INFO: Header:HTTP/1.1 200 OK
Server: nweb/23.0
Content-Length: 248
Connection: close
Content-Type: text/html

:34 INFO: SEND:index.html:35

 INFO: Header:HTTP/1.1 200 OK
Server: nweb/23.0
Content-Length: 248
Connection: close
Content-Type: text/html

:35
 INFO: SEND:index.html:33
 INFO: Header:HTTP/1.1 200 OK
Server: nweb/23.0
Content-Length: 248
Connection: close
Content-Type: text/html

:33
 INFO: SEND:index.html:32
 INFO: Header:HTTP/1.1 200 OK
Server: nweb/23.0
Content-Length: 248
Connection: close
Content-Type: text/html

:32
 INFO: SEND:index.html:31
 INFO: Header:HTTP/1.1 200 OK
Server: nweb/23.0
Content-Length: 248
Connection: close
Content-Type: text/html

:31
 INFO: SEND:index.html:30
 INFO: Header:HTTP/1.1 200 OK
Server: nweb/23.0
Content-Length: 248
Connection: close
Content-Type: text/html

:30
 INFO: nweb starting:2112:1597
 INFO: SEND:index.html:1
 INFO: Header:HTTP/1.1 200 OK
Server: nweb/23.0
Content-Length: 248
Connection: close
Content-Type: text/html

:1
 INFO: SEND:index.html:2
 INFO: Header:HTTP/1.1 200 OK
Server: nweb/23.0
Content-Length: 248
Connection: close
Content-Type: text/html

:2
 INFO: SEND:index.html:3
 INFO: Header:HTTP/1.1 200 OK
Server: nweb/23.0
Content-Length: 248
Connection: close
Content-Type: text/html

:3
 INFO: SEND:index.html:4
 INFO: Header:HTTP/1.1 200 OK
Server: nweb/23.0
Content-Length: 248
Connection: close
Content-Type: text/html

:4
 INFO: SEND:index.html:5
 INFO: Header:HTTP/1.1 200 OK
Server: nweb/23.0
Content-Length: 248
Connection: close
Content-Type: text/html

:5
 INFO: SEND:index.html:6
 INFO: Header:HTTP/1.1 200 OK
Server: nweb/23.0
Content-Length: 248
Connection: close
Content-Type: text/html

:6
 INFO: SEND:index.html:7
 INFO: Header:HTTP/1.1 200 OK
Server: nweb/23.0
Content-Length: 248
Connection: close
Content-Type: text/html

:7
 INFO: SEND:index.html:8
 INFO: Header:HTTP/1.1 200 OK
Server: nweb/23.0
Content-Length: 248
Connection: close
Content-Type: text/html

:8
 INFO: SEND:index.html:9
 INFO: Header:HTTP/1.1 200 OK
Server: nweb/23.0
Content-Length: 248
Connection: close
Content-Type: text/html

:9
 INFO: SEND:index.html:10
 INFO: Header:HTTP/1.1 200 OK
Server: nweb/23.0
Content-Length: 248
Connection: close
Content-Type: text/html

:10
 INFO: SEND:index.html:20
 INFO: SEND:index.html:19
 INFO: Header:HTTP/1.1 200 OK
Server: nweb/23.0
Content-Length: 248
Connection: close
Content-Type: text/html

:20 INFO: Header:HTTP/1.1 200 OK
Server: nweb/23.0
Content-Length: 248
Connection: close
Content-Type: text/html

:19

 INFO: SEND:index.html:18
 INFO: Header:HTTP/1.1 200 OK
Server: nweb/23.0
Content-Length: 248
Connection: close
Content-Type: text/html

:18
 INFO: SEND:index.html:17
 INFO: Header:HTTP/1.1 200 OK
Server: nweb/23.0
Content-Length: 248
Connection: close
Content-Type: text/html

:17
 INFO: SEND:index.html:16
 INFO: Header:HTTP/1.1 200 OK
Server: nweb/23.0
Content-Length: 248
Connection: close
Content-Type: text/html

:16
 INFO: SEND:index.html:15
 INFO: Header:HTTP/1.1 200 OK
Server: nweb/23.0
Content-Length: 248
Connection: close
Content-Type: text/html

:15
 INFO: SEND:index.html:14
 INFO: Header:HTTP/1.1 200 OK
Server: nweb/23.0
Content-Length: 248
Connection: close
Content-Type: text/html

:14
 INFO: SEND:index.html:13
 INFO: Header:HTTP/1.1 200 OK
Server: nweb/23.0
Content-Length: 248
Connection: close
Content-Type: text/html

:13
 INFO: SEND:index.html:12
 INFO: Header:HTTP/1.1 200 OK
Server: nweb/23.0
Content-Length: 248
Connection: close
Content-Type: text/html

:12
 INFO: SEND:index.html:11
 INFO: Header:HTTP/1.1 200 OK
Server: nweb/23.0
Content-Length: 248
Connection: close
Content-Type: text/html

:11
 INFO: SEND:index.html:21
 INFO: Header:HTTP/1.1 200 OK
Server: nweb/23.0
Content-Length: 248
Connection: close
Content-Type: text/html

:21
 INFO: SEND:index.html:22
 INFO: Header:HTTP/1.1 200 OK
Server: nweb/23.0
Content-Length: 248
Connection: close
Content-Type: text/html

:22
 INFO: SEND:index.html:23
 INFO: Header:HTTP/1.1 200 OK
Server: nweb/23.0
Content-Length: 248
Connection: close
Content-Type: text/html

:23
 INFO: SEND:index.html:25
 INFO: Header:HTTP/1.1 200 OK
Server: nweb/23.0
Content-Length: 248
Connection: close
Content-Type: text/html

:25
 INFO: SEND:index.html:24
 INFO: Header:HTTP/1.1 200 OK
Server: nweb/23.0
Content-Length: 248
Connection: close
Content-Type: text/html

:24
 INFO: SEND:index.html:27
 INFO: Header:HTTP/1.1 200 OK
Server: nweb/23.0
Content-Length: 248
Connection: close
Content-Type: text/html

:27
 INFO: SEND:index.html:28
 INFO: Header:HTTP/1.1 200 OK
Server: nweb/23.0
Content-Length: 248
Connection: close
Content-Type: text/html

:28
 INFO: SEND:index.html:29
 INFO: Header:HTTP/1.1 200 OK
Server: nweb/23.0
Content-Length: 248
Connection: close
Content-Type: text/html

:29
 INFO: SEND:index.html:26
 INFO: Header:HTTP/1.1 200 OK
Server: nweb/23.0
Content-Length: 248
Connection: close
Content-Type: text/html

:26
 INFO: SEND:index.html:30
 INFO: Header:HTTP/1.1 200 OK
Server: nweb/23.0
Content-Length: 248
Connection: close
Content-Type: text/html

:30
 INFO: SEND:index.html:40
 INFO: Header:HTTP/1.1 200 OK
Server: nweb/23.0
Content-Length: 248
Connection: close
Content-Type: text/html

:40
 INFO: SEND:index.html:38
 INFO: Header:HTTP/1.1 200 OK
Server: nweb/23.0
Content-Length: 248
Connection: close
Content-Type: text/html

:38
 INFO: SEND:index.html:37
 INFO: Header:HTTP/1.1 200 OK
Server: nweb/23.0
Content-Length: 248
Connection: close
Content-Type: text/html

:37
 INFO: SEND:index.html:39
 INFO: Header:HTTP/1.1 200 OK
Server: nweb/23.0
Content-Length: 248
Connection: close
Content-Type: text/html

:39
 INFO: SEND:index.html:36
 INFO: Header:HTTP/1.1 200 OK
Server: nweb/23.0
Content-Length: 248
Connection: close
Content-Type: text/html

:36
 INFO: SEND:index.html:35
 INFO: Header:HTTP/1.1 200 OK
Server: nweb/23.0
Content-Length: 248
Connection: close
Content-Type: text/html

:35
 INFO: SEND:index.html:34
 INFO: Header:HTTP/1.1 200 OK
Server: nweb/23.0
Content-Length: 248
Connection: close
Content-Type: text/html

:34
 INFO: SEND:index.html:33
 INFO: Header:HTTP/1.1 200 OK
Server: nweb/23.0
Content-Length: 248
Connection: close
Content-Type: text/html

:33
 INFO: SEND:index.html:32
 INFO: Header:HTTP/1.1 200 OK
Server: nweb/23.0
Content-Length: 248
Connection: close
Content-Type: text/html

:32
 INFO: SEND:index.html:31
 INFO: Header:HTTP/1.1 200 OK
Server: nweb/23.0
Content-Length: 248
Connection: close
Content-Type: text/html

:31
